<?xml version="1.0" encoding="UTF-8"?>
<testsuite xmlns:xsi="http://www.w3.org/2001/XMLSchema-instance" xsi:noNamespaceSchemaLocation="https://maven.apache.org/surefire/maven-surefire-plugin/xsd/surefire-test-report.xsd" name="com.bee.beeWatching.Model.SeasonTest" time="0.03" tests="2" errors="0" skipped="0" failures="0">
  <properties>
[...]
</properties>
  <testcase name="testConstructor2" classname="com.bee.beeWatching.Model.SeasonTest" time="0.022"/>
  <testcase name="testConstructor" classname="com.bee.beeWatching.Model.SeasonTest" time="0.002"/>
</testsuite>